{"level":"error","message":"Error al obtener producto"}
{"level":"error","message":"Error al obtener producto"}
{"level":"error","message":"Error al obtener producto"}
{"level":"error","message":"Error al obtener producto"}
{"level":"error","message":"Error al obtener producto"}
{"level":"error","message":"Error al obtener producto"}
{"level":"error","message":"Error al obtener producto"}
{"level":"error","message":"Error al obtener producto"}
{"level":"error","message":"Error al obtener producto"}
{"level":"error","message":"Error al obtener producto"}
{"level":"error","message":"Error al obtener producto"}
{"level":"error","message":"Error al obtener producto"}
{"level":"error","message":"Error al obtener producto"}
{"level":"error","message":"Error al obtener producto"}
{"level":"error","message":"Error al obtener producto"}
{"level":"error","message":"Error al obtener producto"}
{"level":"error","message":"Error al obtener producto"}
{"level":"error","message":"Error al obtener producto"}
{"level":"error","message":"Error al obtener producto"}
{"level":"error","message":"Error al obtener producto"}
{"level":"error","message":"Error al obtener producto"}
{"level":"error","message":"Cast to ObjectId failed for value \"Ropa&de&mujer\" (type string) at path \"_id\" for model \"Producto\""}
{"level":"error","message":"Cast to ObjectId failed for value \"Ropa+de+mujer\" (type string) at path \"_id\" for model \"Producto\""}
{"level":"error","message":"La categoria ya existe"}
{"level":"error","message":"La categoria ya existe"}
{"level":"error","message":"La categoria ya existe"}
{"level":"error","message":"La categoria ya existe"}
{"level":"error","message":"Error al crear la categoria"}
{"level":"error","message":"La categoria ya existe"}
{"level":"error","message":"La categoria ya existe"}
{"level":"error","message":"La categoria ya existe"}
{"level":"error","message":"Usuario no encontrado"}
{"level":"error","message":"Usuario no encontrado"}
{"level":"error","message":"Usuario no encontrado"}
{"level":"error","message":"Usuario no encontrado"}
{"level":"error","message":"Cast to ObjectId failed for value \"Andrea Salazar\" (type string) at path \"_id\" for model \"Usuario\""}
{"level":"error","message":"Cast to ObjectId failed for value \"search=Andrea Salazar\" (type string) at path \"_id\" for model \"Usuario\""}
{"level":"error","message":"Usuario no encontrado"}
{"level":"error","message":"Usuario no encontrado"}
{"level":"error","message":"Usuario no encontrado"}
{"level":"error","message":"Usuario no encontrado"}
{"level":"error","message":"Usuario no encontrado"}
{"level":"error","message":"Producto no encontrado"}
{"level":"error","message":"Producto no encontrado"}
{"level":"error","message":"res.json is not a function"}
{"level":"error","message":"res.status is not a function"}
{"level":"error","message":"No se pudo acceder a la ruta: undefined en el servicio web"}
{"level":"error","message":"No se pudo acceder a la ruta: undefined en el servicio web"}
{"level":"error","message":"No se pudo acceder a la ruta: undefined en el servicio web"}
{"level":"error","message":"Contraseña o correo incorrectos"}
{"level":"error","message":"Contraseña o correo incorrectos"}
{"level":"error","message":"Error al aurorizar al usuario"}
{"level":"error","message":"Error al aurorizar al usuario"}
{"level":"error","message":"Error al aurorizar al usuarioExpected \"payload\" to be a plain object."}
{"level":"error","message":"Usuario no encontrado"}
{"level":"error","message":"No se pudo acceder a la ruta: undefined en el servicio web"}
{"level":"error","message":"No se pudo acceder a la ruta: undefined en el servicio web"}
{"level":"error","message":"No se pudo acceder a la ruta: undefined en el servicio web"}
{"level":"error","message":"No se pudo acceder a la ruta: undefined en el servicio web"}
{"level":"error","message":"No se pudo acceder a la ruta: undefined en el servicio web"}
{"level":"error","message":"No se pudo acceder a la ruta: undefined en el servicio web"}
{"level":"error","message":"Producto no encontrado"}
{"level":"error","message":"Producto no encontrado"}
{"level":"error","message":"Contraseña o correo incorrectos"}
{"level":"error","message":"Producto no encontrado"}
{"level":"error","message":"Producto no encontrado"}
{"level":"error","message":"Producto no encontrado"}
{"level":"error","message":"Error al actualizar el producto"}
{"level":"error","message":"Error al actualizar el producto"}
{"level":"error","message":"Categoria no encontrada"}
{"level":"error","message":"Categoria no encontrada"}
{"level":"error","message":"Categoria no encontrada"}
{"level":"error","message":"Error al crear el usuario"}
{"level":"error","message":"Error al crear el usuario"}
{"level":"error","message":"Error al crear el usuario"}
{"level":"error","message":"Error al crear el usuario"}
{"level":"error","message":"Error al crear el usuario"}
{"level":"error","message":"Error al crear el usuario"}
{"level":"error","message":"Error al crear el usuario"}
{"level":"error","message":"Error al crear el usuario"}
{"level":"error","message":"Error al crear el usuario"}
{"level":"error","message":"Error al crear el usuario"}
{"level":"error","message":"Contraseña o correo incorrectos"}
{"level":"error","message":"Los campos idVendedor, nombre, foto, precio y cantidad disponible son requeridos"}
{"level":"error","message":"Los campos idVendedor, nombre, foto, precio y cantidad disponible son requeridos"}
{"level":"error","message":"Los campos idVendedor, nombre, foto, precio y cantidad disponible son requeridos"}
{"level":"error","message":"Los campos idVendedor, nombre, foto, precio y cantidad disponible son requeridos"}
{"level":"error","message":"Los campos idVendedor, nombre, foto, precio y cantidad disponible son requeridos"}
{"level":"error","message":"Los campos idVendedor, nombre, foto, precio y cantidad disponible son requeridos"}
{"level":"error","message":"Los campos idVendedor, nombre, foto, precio y cantidad disponible son requeridos"}
{"level":"error","message":"Los campos idVendedor, nombre, foto, precio y cantidad disponible son requeridos"}
{"level":"error","message":"Los campos idVendedor, nombre, foto, precio y cantidad disponible son requeridos"}
{"level":"error","message":"Los campos idVendedor, nombre, foto, precio y cantidad disponible son requeridos"}
{"level":"error","message":"Los campos idVendedor, nombre, foto, precio y cantidad disponible son requeridos"}
{"level":"error","message":"No se pudo acceder a la ruta: undefined en el servicio web"}
{"level":"error","message":"Error al eliminar producto"}
{"level":"error","message":"Cast to ObjectId failed for value \"null\" (type string) at path \"_id\" for model \"Producto\""}
{"level":"error","message":"Los campos idVendedor, nombre, foto, precio y cantidad disponible son requeridos"}
{"level":"error","message":"Los campos idVendedor, nombre, foto, precio y cantidad disponible son requeridos"}
{"level":"error","message":"Los campos idVendedor, nombre, foto, precio y cantidad disponible son requeridos"}
{"level":"error","message":"Los campos idVendedor, nombre, foto, precio y cantidad disponible son requeridos"}
{"level":"error","message":"Los campos idVendedor, nombre, foto, precio y cantidad disponible son requeridos"}
{"level":"error","message":"Los campos idVendedor, nombre, foto, precio y cantidad disponible son requeridos"}
{"level":"error","message":"request entity too large"}
{"level":"error","message":"Error al crear el usuario"}
{"level":"error","message":"Error al crear el usuario"}
{"level":"error","message":"Error al crear el usuario"}
{"level":"error","message":"Error al crear el usuario"}
{"level":"error","message":"Error al crear el usuario"}
{"level":"error","message":"Error al crear el usuario"}
{"level":"error","message":"Error al crear el usuario TypeError: Cannot destructure property 'foto' of 'req.file' as it is undefined."}
{"level":"error","message":"Multipart: Boundary not found"}
{"level":"error","message":"Los campos nombre, password y correo son requeridos"}
{"level":"error","message":"Contraseña o correo incorrectos"}
{"level":"error","message":"Contraseña o correo incorrectos"}
{"level":"error","message":"Error al crear el usuario"}
{"level":"error","message":"Error al crear el usuario"}
{"level":"error","message":"Error al crear el usuario"}
